This is XeTeX, Version 3.141592653-2.6-0.999995 (TeX Live 2023) (preloaded format=xelatex 2023.5.15)  15 MAY 2023 17:45
entering extended mode
 restricted \write18 enabled.
 %&-line parsing enabled.
**/home/susan/Projects/Class/unl-stat151/partials/before-body.tex
(/home/susan/Projects/Class/unl-stat151/partials/before-body.tex
LaTeX2e <2022-11-01> patch level 1
L3 programming layer <2023-05-11>

! LaTeX Error: Missing \begin{document}.

See the LaTeX manual or LaTeX Companion for explanation.
Type  H <return>  for immediate help.
 ...                                              
                                                  
l.1 \hfil
         \textbf{\Huge $title$}\hfil\\ 
Here is how much of TeX's memory you used:
 17 strings out of 478708
 588 string characters out of 5848943
 1843630 words of memory out of 5000000
 20204 multiletter control sequences out of 15000+600000
 512287 words of font info for 32 fonts, out of 8000000 for 9000
 14 hyphenation exceptions out of 8191
 12i,0n,12p,130b,14s stack positions out of 10000i,1000n,20000p,200000b,200000s

No pages of output.
